1581566569820	mozrunner::runner	INFO	Running command: "C:\\Program Files\\Mozilla Firefox\\firefox.exe" "-marionette" "-foreground" "-no-remote" "-profile" "C:\\Users\\ADMINI~1\\AppData\\Local\\Temp\\rust_mozprofile.tSOeiUepHiOC"
1581566570784	addons.webextension.doh-rollout@mozilla.org	WARN	Loading extension 'doh-rollout@mozilla.org': Reading manifest: Invalid extension permission: networkStatus
1581566571113	addons.webextension.screenshots@mozilla.org	WARN	Loading extension 'screenshots@mozilla.org': Reading manifest: Invalid extension permission: mozillaAddons
1581566571113	addons.webextension.screenshots@mozilla.org	WARN	Loading extension 'screenshots@mozilla.org': Reading manifest: Invalid extension permission: telemetry
1581566571114	addons.webextension.screenshots@mozilla.org	WARN	Loading extension 'screenshots@mozilla.org': Reading manifest: Invalid extension permission: resource://pdf.js/
1581566571114	addons.webextension.screenshots@mozilla.org	WARN	Loading extension 'screenshots@mozilla.org': Reading manifest: Invalid extension permission: about:reader*
JavaScript error: resource://gre/modules/XULStore.jsm, line 66: Error: Can't find profile directory.
1581566573437	Marionette	INFO	Listening on port 57124
1581566573745	Marionette	WARN	TLS certificate errors will be ignored for this session
1581566578431	Marionette	INFO	Stopped listening on port 57124

###!!! [Child][RunMessage] Error: Channel closing: too late to send/recv, messages will be lost


###!!! [Child][MessageChannel::SendAndWait] Error: Channel error: cannot send/recv

1581588537952	mozrunner::runner	INFO	Running command: "C:\\Program Files\\Mozilla Firefox\\firefox.exe" "-marionette" "-foreground" "-no-remote" "-profile" "C:\\Users\\ADMINI~1\\AppData\\Local\\Temp\\rust_mozprofile.89RLUdvxEIvb"
1581588538503	addons.webextension.doh-rollout@mozilla.org	WARN	Loading extension 'doh-rollout@mozilla.org': Reading manifest: Invalid extension permission: networkStatus
1581588538822	addons.webextension.screenshots@mozilla.org	WARN	Loading extension 'screenshots@mozilla.org': Reading manifest: Invalid extension permission: mozillaAddons
1581588538822	addons.webextension.screenshots@mozilla.org	WARN	Loading extension 'screenshots@mozilla.org': Reading manifest: Invalid extension permission: telemetry
1581588538823	addons.webextension.screenshots@mozilla.org	WARN	Loading extension 'screenshots@mozilla.org': Reading manifest: Invalid extension permission: resource://pdf.js/
1581588538823	addons.webextension.screenshots@mozilla.org	WARN	Loading extension 'screenshots@mozilla.org': Reading manifest: Invalid extension permission: about:reader*
JavaScript error: resource://gre/modules/XULStore.jsm, line 66: Error: Can't find profile directory.
1581588541013	Marionette	INFO	Listening on port 50580
1581588541216	Marionette	WARN	TLS certificate errors will be ignored for this session
1581588560915	Marionette	INFO	Stopped listening on port 50580

###!!! [Child][RunMessage] Error: Channel closing: too late to send/recv, messages will be lost


###!!! [Child][MessageChannel::SendAndWait] Error: Channel error: cannot send/recv

1581588565582	mozrunner::runner	INFO	Running command: "C:\\Program Files\\Mozilla Firefox\\firefox.exe" "-marionette" "-foreground" "-no-remote" "-profile" "C:\\Users\\ADMINI~1\\AppData\\Local\\Temp\\rust_mozprofile.0hGJlYXI5d0M"
1581588566037	addons.webextension.doh-rollout@mozilla.org	WARN	Loading extension 'doh-rollout@mozilla.org': Reading manifest: Invalid extension permission: networkStatus
1581588566358	addons.webextension.screenshots@mozilla.org	WARN	Loading extension 'screenshots@mozilla.org': Reading manifest: Invalid extension permission: mozillaAddons
1581588566358	addons.webextension.screenshots@mozilla.org	WARN	Loading extension 'screenshots@mozilla.org': Reading manifest: Invalid extension permission: telemetry
1581588566358	addons.webextension.screenshots@mozilla.org	WARN	Loading extension 'screenshots@mozilla.org': Reading manifest: Invalid extension permission: resource://pdf.js/
1581588566358	addons.webextension.screenshots@mozilla.org	WARN	Loading extension 'screenshots@mozilla.org': Reading manifest: Invalid extension permission: about:reader*
JavaScript error: resource://gre/modules/XULStore.jsm, line 66: Error: Can't find profile directory.
1581588568501	Marionette	INFO	Listening on port 50631
1581588568849	Marionette	WARN	TLS certificate errors will be ignored for this session
console.error: services.settings: 
DOMException
  - prototype DOMException
    - ABORT_ERR = 20
    - DATA_CLONE_ERR = 25
    - DOMSTRING_SIZE_ERR = 2
    - HIERARCHY_REQUEST_ERR = 3
    - INDEX_SIZE_ERR = 1
    - INUSE_ATTRIBUTE_ERR = 10
    - INVALID_ACCESS_ERR = 15
    - INVALID_CHARACTER_ERR = 5
    - INVALID_MODIFICATION_ERR = 13
    - INVALID_NODE_TYPE_ERR = 24
    - INVALID_STATE_ERR = 11
    - NAMESPACE_ERR = 14
    - NETWORK_ERR = 19
    - NOT_FOUND_ERR = 8
    - NOT_SUPPORTED_ERR = 9
    - NO_DATA_ALLOWED_ERR = 6
    - NO_MODIFICATION_ALLOWED_ERR = 7
    - QUOTA_EXCEEDED_ERR = 22
    - SECURITY_ERR = 18
    - SYNTAX_ERR = 12
    - TIMEOUT_ERR = 23
    - TYPE_MISMATCH_ERR = 17
    - URL_MISMATCH_ERR = 21
    - VALIDATION_ERR = 16
    - WRONG_DOCUMENT_ERR = 4
    - code = 20
    - columnNumber = 0
    - data = null
    - filename = 
    - lineNumber = 0
    - location = null
    - message = The operation was aborted. 
    - name = AbortError
    - result = 2152923156
    - stack = 
  - prototype Error
  - prototype Object
console.error: services.settings: 
  Message: TypeError: NetworkError when attempting to fetch resource.
JavaScript error: resource://gre/actors/AutoCompleteChild.jsm, line 196: Error: Invalid autocomplete selectedIndex
JavaScript error: resource://gre/actors/AutoCompleteChild.jsm, line 196: Error: Invalid autocomplete selectedIndex
JavaScript error: resource://gre/modules/LoginManagerChild.jsm, line 179: NS_ERROR_XPC_JAVASCRIPT_ERROR_WITH_DETAILS: [JavaScript Error: "Invalid autocomplete selectedIndex" {file: "resource://gre/actors/AutoCompleteChild.jsm" line: 196}]'[JavaScript Error: "Invalid autocomplete selectedIndex" {file: "resource://gre/actors/AutoCompleteChild.jsm" line: 196}]' when calling method: [nsIAutoCompletePopup::selectedIndex]
1581605970269	Marionette	INFO	Stopped listening on port 50631

###!!! [Child][MessageChannel::SendAndWait] Error: Channel error: cannot send/recv

